2017-02-20 11:59:30 - no such file
2017-02-20 11:59:30 - no such file
2017-02-21 8:03:52 - no such file
2017-02-21 8:03:52 - no such file
2017-02-21 8:03:52 - no such file
2017-02-21 8:03:52 - no such file
2017-02-21 8:04:21 - no such file
2017-02-21 8:04:21 - no such file
2017-02-21 8:04:21 - no such file
2017-02-21 8:04:21 - no such file
2017-02-23 17:05:18 - no such file
2017-02-23 17:05:18 - no such file
2017-02-23 17:05:18 - no such file
2017-02-23 17:05:18 - no such file
2017-02-23 17:05:18 - no such file
2017-02-23 17:05:18 - no such file
2017-02-23 17:16:16 - no such file
2017-02-23 17:16:16 - no such file
2017-02-23 17:16:16 - no such file
2017-02-23 17:16:16 - no such file
2017-02-23 17:16:16 - no such file
2017-02-23 17:16:16 - no such file
2017-02-23 17:16:43 - no such file
2017-02-23 17:16:43 - no such file
2017-02-23 17:16:43 - no such file
2017-02-23 17:16:43 - no such file
2017-02-23 17:16:43 - no such file
2017-02-23 17:16:43 - no such file
2017-02-23 17:17:29 - no such file
2017-02-23 17:17:29 - no such file
2017-02-23 17:17:29 - no such file
2017-02-23 17:17:29 - no such file
2017-02-23 17:17:29 - no such file
2017-02-23 17:17:29 - no such file
2017-02-23 17:17:53 - no such file
2017-02-23 17:17:53 - no such file
2017-02-23 17:17:53 - no such file
2017-02-23 17:17:53 - no such file
2017-02-23 17:17:53 - no such file
2017-02-23 17:17:53 - no such file
2017-02-24 14:40:03 - no such file
2017-02-24 14:40:03 - cache/catalog/newProduct/产后开奶-228x228.png
2017-02-24 14:40:03 - cache/catalog/newProduct/通乳-228x228.png
2017-02-24 14:40:03 - cache/catalog/newProduct/增乳-228x228.png
2017-02-24 14:40:03 - cache/catalog/newProduct/回乳-228x228.png
2017-02-24 14:40:03 - cache/catalog/newProduct/泌乳三次套餐-228x228.png
2017-02-24 14:47:42 - no such file
2017-02-24 14:47:42 - cache/catalog/newProduct/产后开奶-228x228.png
2017-02-24 14:47:42 - cache/catalog/newProduct/通乳-228x228.png
2017-02-24 14:47:42 - cache/catalog/newProduct/增乳-228x228.png
2017-02-24 14:47:42 - cache/catalog/newProduct/回乳-228x228.png
2017-02-24 14:47:42 - cache/catalog/newProduct/泌乳三次套餐-228x228.png
2017-02-24 14:48:31 - no such file
2017-02-24 14:48:31 - cache/catalog/newProduct/产后开奶-228x228.png
2017-02-24 14:48:31 - cache/catalog/newProduct/通乳-228x228.png
2017-02-24 14:48:31 - cache/catalog/newProduct/增乳-228x228.png
2017-02-24 14:48:31 - cache/catalog/newProduct/回乳-228x228.png
2017-02-24 14:48:31 - cache/catalog/newProduct/泌乳三次套餐-228x228.png
2017-02-25 15:07:24 - cache/catalog/上线图片(1)-1140x380.jpg
2017-02-25 15:07:24 - cache/catalog/母乳图片(1)-1140x380.jpg
2017-02-25 15:07:24 - cache/catalog/营养膳食(1)-1140x380.jpg
2017-02-25 15:07:24 - cache/catalog/newProduct/产后开奶-200x200.png
2017-02-25 15:07:24 - cache/catalog/newProduct/泌乳三次套餐-200x200.png
2017-02-25 15:07:24 - cache/catalog/newProduct/555-200x200.png
2017-02-25 15:07:24 - cache/catalog/newProduct/333-200x200.png
2017-02-26 4:00:52 - no such file
2017-02-26 4:00:52 - cache/catalog/newProduct/产后开奶-228x228.png
2017-02-26 4:00:52 - cache/catalog/newProduct/通乳-228x228.png
2017-02-26 4:00:52 - cache/catalog/newProduct/增乳-228x228.png
2017-02-26 4:00:52 - cache/catalog/newProduct/回乳-228x228.png
2017-02-26 4:00:52 - cache/catalog/newProduct/泌乳三次套餐-228x228.png
2017-02-26 6:55:07 - cache/catalog/newProduct/产后开奶-200x200.png
2017-02-26 6:55:07 - cache/catalog/newProduct/泌乳三次套餐-200x200.png
2017-02-26 6:55:07 - cache/catalog/newProduct/555-200x200.png
2017-02-26 6:55:07 - cache/catalog/newProduct/333-200x200.png
2017-02-26 6:55:07 - cache/catalog/newProduct/产后开奶-200x200.png
2017-02-26 6:55:07 - cache/catalog/newProduct/泌乳三次套餐-200x200.png
2017-02-26 6:55:07 - cache/catalog/newProduct/555-200x200.png
2017-02-26 6:55:07 - cache/catalog/newProduct/333-200x200.png
2017-02-26 6:55:21 - no such file
2017-02-26 6:55:21 - cache/catalog/newProduct/产后开奶-228x228.png
2017-02-26 6:55:21 - cache/catalog/newProduct/通乳-228x228.png
2017-02-26 6:55:21 - cache/catalog/newProduct/增乳-228x228.png
2017-02-26 6:55:21 - cache/catalog/newProduct/回乳-228x228.png
2017-02-26 6:55:21 - cache/catalog/newProduct/泌乳三次套餐-228x228.png
2017-02-26 6:58:08 - no such file
2017-02-26 6:58:08 - cache/catalog/newProduct/产后开奶-228x228.png
2017-02-26 6:58:08 - cache/catalog/newProduct/通乳-228x228.png
2017-02-26 6:58:08 - cache/catalog/newProduct/增乳-228x228.png
2017-02-26 6:58:08 - cache/catalog/newProduct/回乳-228x228.png
2017-02-26 6:58:08 - cache/catalog/newProduct/泌乳三次套餐-228x228.png
2017-02-26 6:58:16 - no such file
2017-02-26 6:58:16 - cache/catalog/newProduct/产后开奶-228x228.png
2017-02-26 6:58:16 - cache/catalog/newProduct/通乳-228x228.png
2017-02-26 6:58:16 - cache/catalog/newProduct/增乳-228x228.png
2017-02-26 6:58:16 - cache/catalog/newProduct/回乳-228x228.png
2017-02-26 6:58:16 - cache/catalog/newProduct/泌乳三次套餐-228x228.png
2017-02-26 7:01:47 - no such file
2017-02-26 7:01:47 - cache/catalog/newProduct/产后开奶-228x228.png
2017-02-26 7:01:47 - cache/catalog/newProduct/通乳-228x228.png
2017-02-26 7:01:47 - cache/catalog/newProduct/增乳-228x228.png
2017-02-26 7:01:47 - cache/catalog/newProduct/回乳-228x228.png
2017-02-26 7:01:47 - cache/catalog/newProduct/泌乳三次套餐-228x228.png
2017-02-26 7:02:01 - no such file
2017-02-26 7:02:01 - cache/catalog/newProduct/产后开奶-228x228.png
2017-02-26 7:02:01 - cache/catalog/newProduct/通乳-228x228.png
2017-02-26 7:02:01 - cache/catalog/newProduct/增乳-228x228.png
2017-02-26 7:02:01 - cache/catalog/newProduct/回乳-228x228.png
2017-02-26 7:02:01 - cache/catalog/newProduct/泌乳三次套餐-228x228.png
2017-02-26 7:11:33 - no such file
2017-02-26 7:11:33 - cache/catalog/newProduct/产后开奶-228x228.png
2017-02-26 7:11:33 - cache/catalog/newProduct/通乳-228x228.png
2017-02-26 7:11:33 - cache/catalog/newProduct/增乳-228x228.png
2017-02-26 7:11:33 - cache/catalog/newProduct/回乳-228x228.png
2017-02-26 7:11:33 - cache/catalog/newProduct/泌乳三次套餐-228x228.png
2017-02-26 7:11:41 - no such file
2017-02-26 7:11:41 - cache/catalog/newProduct/产后开奶-228x228.png
2017-02-26 7:11:41 - cache/catalog/newProduct/通乳-228x228.png
2017-02-26 7:11:41 - cache/catalog/newProduct/增乳-228x228.png
2017-02-26 7:11:41 - cache/catalog/newProduct/回乳-228x228.png
2017-02-26 7:11:41 - cache/catalog/newProduct/泌乳三次套餐-228x228.png
2017-02-26 7:12:04 - no such file
2017-02-26 7:12:04 - cache/catalog/newProduct/产后开奶-228x228.png
2017-02-26 7:12:04 - cache/catalog/newProduct/通乳-228x228.png
2017-02-26 7:12:04 - cache/catalog/newProduct/增乳-228x228.png
2017-02-26 7:12:04 - cache/catalog/newProduct/回乳-228x228.png
2017-02-26 7:12:04 - cache/catalog/newProduct/泌乳三次套餐-228x228.png
2017-02-26 7:14:04 - no such file
2017-02-26 7:14:04 - cache/catalog/newProduct/产后开奶-228x228.png
2017-02-26 7:14:04 - cache/catalog/newProduct/通乳-228x228.png
2017-02-26 7:14:04 - cache/catalog/newProduct/增乳-228x228.png
2017-02-26 7:14:04 - cache/catalog/newProduct/回乳-228x228.png
2017-02-26 7:14:04 - cache/catalog/newProduct/泌乳三次套餐-228x228.png
2017-02-26 7:14:15 - no such file
2017-02-26 7:14:15 - cache/catalog/newProduct/产后开奶-228x228.png
2017-02-26 7:14:15 - cache/catalog/newProduct/通乳-228x228.png
2017-02-26 7:14:15 - cache/catalog/newProduct/增乳-228x228.png
2017-02-26 7:14:15 - cache/catalog/newProduct/回乳-228x228.png
2017-02-26 7:14:15 - cache/catalog/newProduct/泌乳三次套餐-228x228.png
2017-02-26 7:15:30 - no such file
2017-02-26 7:15:30 - cache/catalog/newProduct/产后开奶-228x228.png
2017-02-26 7:15:30 - cache/catalog/newProduct/通乳-228x228.png
2017-02-26 7:15:30 - cache/catalog/newProduct/增乳-228x228.png
2017-02-26 7:15:30 - cache/catalog/newProduct/回乳-228x228.png
2017-02-26 7:15:30 - cache/catalog/newProduct/泌乳三次套餐-228x228.png
2017-03-03 18:08:32 - no such file
2017-03-03 18:08:32 - cache/catalog/newProduct/产后开奶-228x228.png
2017-03-03 18:08:32 - cache/catalog/newProduct/通乳-228x228.png
2017-03-03 18:08:32 - cache/catalog/newProduct/增乳-228x228.png
2017-03-03 18:08:32 - cache/catalog/newProduct/回乳-228x228.png
2017-03-03 18:08:32 - cache/catalog/newProduct/泌乳三次套餐-228x228.png
2017-03-03 18:09:44 - no such file
2017-03-03 18:09:44 - cache/catalog/newProduct/产后开奶-228x228.png
2017-03-03 18:09:44 - cache/catalog/newProduct/通乳-228x228.png
2017-03-03 18:09:44 - cache/catalog/newProduct/增乳-228x228.png
2017-03-03 18:09:44 - cache/catalog/newProduct/回乳-228x228.png
2017-03-03 18:09:44 - cache/catalog/newProduct/泌乳三次套餐-228x228.png
2017-03-03 18:11:13 - no such file
2017-03-03 18:11:13 - cache/catalog/newProduct/产后开奶-228x228.png
2017-03-03 18:11:13 - cache/catalog/newProduct/通乳-228x228.png
2017-03-03 18:11:13 - cache/catalog/newProduct/增乳-228x228.png
2017-03-03 18:11:13 - cache/catalog/newProduct/回乳-228x228.png
2017-03-03 18:11:13 - cache/catalog/newProduct/泌乳三次套餐-228x228.png
2017-03-03 18:11:49 - no such file
2017-03-03 18:11:49 - cache/catalog/newProduct/产后开奶-228x228.png
2017-03-03 18:11:49 - cache/catalog/newProduct/通乳-228x228.png
2017-03-03 18:11:49 - cache/catalog/newProduct/增乳-228x228.png
2017-03-03 18:11:49 - cache/catalog/newProduct/回乳-228x228.png
2017-03-03 18:11:49 - cache/catalog/newProduct/泌乳三次套餐-228x228.png
2017-03-03 18:11:58 - no such file
2017-03-03 18:11:58 - cache/catalog/newProduct/产后开奶-228x228.png
2017-03-03 18:11:58 - cache/catalog/newProduct/通乳-228x228.png
2017-03-03 18:11:58 - cache/catalog/newProduct/增乳-228x228.png
2017-03-03 18:11:58 - cache/catalog/newProduct/回乳-228x228.png
2017-03-03 18:11:58 - cache/catalog/newProduct/泌乳三次套餐-228x228.png
2017-03-03 18:12:16 - no such file
2017-03-03 18:12:16 - cache/catalog/newProduct/产后开奶-228x228.png
2017-03-03 18:12:16 - cache/catalog/newProduct/通乳-228x228.png
2017-03-03 18:12:16 - cache/catalog/newProduct/增乳-228x228.png
2017-03-03 18:12:16 - cache/catalog/newProduct/回乳-228x228.png
2017-03-03 18:12:16 - cache/catalog/newProduct/泌乳三次套餐-228x228.png
2017-03-03 18:12:25 - no such file
2017-03-03 18:12:25 - cache/catalog/newProduct/产后开奶-228x228.png
2017-03-03 18:12:25 - cache/catalog/newProduct/通乳-228x228.png
2017-03-03 18:12:25 - cache/catalog/newProduct/增乳-228x228.png
2017-03-03 18:12:25 - cache/catalog/newProduct/回乳-228x228.png
2017-03-03 18:12:25 - cache/catalog/newProduct/泌乳三次套餐-228x228.png
2017-03-03 18:13:19 - no such file
2017-03-03 18:13:19 - cache/catalog/newProduct/产后开奶-228x228.png
2017-03-03 18:13:19 - cache/catalog/newProduct/通乳-228x228.png
2017-03-03 18:13:19 - cache/catalog/newProduct/增乳-228x228.png
2017-03-03 18:13:19 - cache/catalog/newProduct/回乳-228x228.png
2017-03-03 18:13:19 - cache/catalog/newProduct/泌乳三次套餐-228x228.png
2017-03-03 18:14:44 - no such file
2017-03-03 18:14:44 - cache/catalog/newProduct/产后开奶-228x228.png
2017-03-03 18:14:44 - cache/catalog/newProduct/通乳-228x228.png
2017-03-03 18:14:44 - cache/catalog/newProduct/增乳-228x228.png
2017-03-03 18:14:44 - cache/catalog/newProduct/回乳-228x228.png
2017-03-03 18:14:44 - cache/catalog/newProduct/泌乳三次套餐-228x228.png
2017-03-03 19:10:56 - no such file
2017-03-03 19:10:56 - cache/catalog/newProduct/产后开奶-228x228.png
2017-03-03 19:10:56 - cache/catalog/newProduct/通乳-228x228.png
2017-03-03 19:10:56 - cache/catalog/newProduct/增乳-228x228.png
2017-03-03 19:10:56 - cache/catalog/newProduct/回乳-228x228.png
2017-03-03 19:10:56 - cache/catalog/newProduct/泌乳三次套餐-228x228.png
2017-03-04 8:33:36 - no such file
2017-03-04 8:33:36 - cache/catalog/newProduct/产后开奶-228x228.png
2017-03-04 8:33:36 - cache/catalog/newProduct/通乳-228x228.png
2017-03-04 8:33:36 - cache/catalog/newProduct/增乳-228x228.png
2017-03-04 8:33:36 - cache/catalog/newProduct/回乳-228x228.png
2017-03-04 8:33:36 - cache/catalog/newProduct/泌乳三次套餐-228x228.png
2017-03-04 15:19:37 - no such file
2017-03-04 15:19:37 - cache/catalog/newProduct/产后开奶-228x228.png
2017-03-04 15:19:37 - cache/catalog/newProduct/通乳-228x228.png
2017-03-04 15:19:37 - cache/catalog/newProduct/增乳-228x228.png
2017-03-04 15:19:37 - cache/catalog/newProduct/回乳-228x228.png
2017-03-04 15:19:37 - cache/catalog/newProduct/泌乳三次套餐-228x228.png
2017-03-04 15:23:57 - no such file
2017-03-04 15:23:57 - cache/catalog/newProduct/产后开奶-228x228.png
2017-03-04 15:23:57 - cache/catalog/newProduct/通乳-228x228.png
2017-03-04 15:23:57 - cache/catalog/newProduct/增乳-228x228.png
2017-03-04 15:23:57 - cache/catalog/newProduct/回乳-228x228.png
2017-03-04 15:23:57 - cache/catalog/newProduct/泌乳三次套餐-228x228.png
2017-03-04 15:34:13 - no such file
2017-03-04 15:34:13 - cache/catalog/newProduct/产后开奶-228x228.png
2017-03-04 15:34:13 - cache/catalog/newProduct/通乳-228x228.png
2017-03-04 15:34:13 - cache/catalog/newProduct/增乳-228x228.png
2017-03-04 15:34:13 - cache/catalog/newProduct/回乳-228x228.png
2017-03-04 15:34:13 - cache/catalog/newProduct/泌乳三次套餐-228x228.png
2017-03-05 4:14:35 - no such file
2017-03-05 4:14:35 - cache/catalog/newProduct/产后开奶-228x228.png
2017-03-05 4:14:35 - cache/catalog/newProduct/通乳-228x228.png
2017-03-05 4:14:35 - cache/catalog/newProduct/增乳-228x228.png
2017-03-05 4:14:35 - cache/catalog/newProduct/回乳-228x228.png
2017-03-05 4:14:35 - cache/catalog/newProduct/泌乳三次套餐-228x228.png
2017-03-05 14:20:20 - no such file
2017-03-05 14:20:20 - cache/catalog/newProduct/产后开奶-228x228.png
2017-03-05 14:20:20 - cache/catalog/newProduct/通乳-228x228.png
2017-03-05 14:20:20 - cache/catalog/newProduct/增乳-228x228.png
2017-03-05 14:20:20 - cache/catalog/newProduct/回乳-228x228.png
2017-03-05 14:20:20 - cache/catalog/newProduct/泌乳三次套餐-228x228.png
2017-03-05 14:29:13 - no such file
2017-03-05 14:29:13 - cache/catalog/newProduct/产后开奶-228x228.png
2017-03-05 14:29:13 - cache/catalog/newProduct/通乳-228x228.png
2017-03-05 14:29:13 - cache/catalog/newProduct/增乳-228x228.png
2017-03-05 14:29:13 - cache/catalog/newProduct/回乳-228x228.png
2017-03-05 14:29:13 - cache/catalog/newProduct/泌乳三次套餐-228x228.png
2017-03-05 15:06:30 - no such file
2017-03-05 15:06:30 - cache/catalog/newProduct/产后开奶-228x228.png
2017-03-05 15:06:30 - cache/catalog/newProduct/通乳-228x228.png
2017-03-05 15:06:30 - cache/catalog/newProduct/增乳-228x228.png
2017-03-05 15:06:30 - cache/catalog/newProduct/回乳-228x228.png
2017-03-05 15:06:30 - cache/catalog/newProduct/泌乳三次套餐-228x228.png
2017-03-05 15:07:09 - no such file
2017-03-05 15:07:09 - cache/catalog/newProduct/产后开奶-228x228.png
2017-03-05 15:07:09 - cache/catalog/newProduct/通乳-228x228.png
2017-03-05 15:07:09 - cache/catalog/newProduct/增乳-228x228.png
2017-03-05 15:07:09 - cache/catalog/newProduct/回乳-228x228.png
2017-03-05 15:07:09 - cache/catalog/newProduct/泌乳三次套餐-228x228.png
2017-03-05 15:07:46 - no such file
2017-03-05 15:07:46 - cache/catalog/newProduct/产后开奶-228x228.png
2017-03-05 15:07:46 - cache/catalog/newProduct/通乳-228x228.png
2017-03-05 15:07:46 - cache/catalog/newProduct/增乳-228x228.png
2017-03-05 15:07:46 - cache/catalog/newProduct/回乳-228x228.png
2017-03-05 15:07:46 - cache/catalog/newProduct/泌乳三次套餐-228x228.png
2017-03-05 15:08:19 - no such file
2017-03-05 15:08:19 - cache/catalog/newProduct/产后开奶-228x228.png
2017-03-05 15:08:19 - cache/catalog/newProduct/通乳-228x228.png
2017-03-05 15:08:19 - cache/catalog/newProduct/增乳-228x228.png
2017-03-05 15:08:19 - cache/catalog/newProduct/回乳-228x228.png
2017-03-05 15:08:19 - cache/catalog/newProduct/泌乳三次套餐-228x228.png
2017-03-05 15:08:46 - no such file
2017-03-05 15:08:46 - cache/catalog/newProduct/产后开奶-228x228.png
2017-03-05 15:08:46 - cache/catalog/newProduct/通乳-228x228.png
2017-03-05 15:08:46 - cache/catalog/newProduct/增乳-228x228.png
2017-03-05 15:08:46 - cache/catalog/newProduct/回乳-228x228.png
2017-03-05 15:08:46 - cache/catalog/newProduct/泌乳三次套餐-228x228.png
2017-03-05 15:09:38 - no such file
2017-03-05 15:09:38 - cache/catalog/newProduct/产后开奶-228x228.png
2017-03-05 15:09:38 - cache/catalog/newProduct/通乳-228x228.png
2017-03-05 15:09:38 - cache/catalog/newProduct/增乳-228x228.png
2017-03-05 15:09:38 - cache/catalog/newProduct/回乳-228x228.png
2017-03-05 15:09:38 - cache/catalog/newProduct/泌乳三次套餐-228x228.png
2017-03-05 15:10:17 - no such file
2017-03-05 15:10:17 - cache/catalog/newProduct/产后开奶-228x228.png
2017-03-05 15:10:17 - cache/catalog/newProduct/通乳-228x228.png
2017-03-05 15:10:17 - cache/catalog/newProduct/增乳-228x228.png
2017-03-05 15:10:17 - cache/catalog/newProduct/回乳-228x228.png
2017-03-05 15:10:17 - cache/catalog/newProduct/泌乳三次套餐-228x228.png
2017-03-05 15:16:41 - no such file
2017-03-05 15:16:41 - cache/catalog/newProduct/产后开奶-228x228.png
2017-03-05 15:16:41 - cache/catalog/newProduct/通乳-228x228.png
2017-03-05 15:16:41 - cache/catalog/newProduct/增乳-228x228.png
2017-03-05 15:16:41 - cache/catalog/newProduct/回乳-228x228.png
2017-03-05 15:16:41 - cache/catalog/newProduct/泌乳三次套餐-228x228.png
2017-03-05 15:21:02 - no such file
2017-03-05 15:21:02 - cache/catalog/newProduct/产后开奶-228x228.png
2017-03-05 15:21:02 - cache/catalog/newProduct/通乳-228x228.png
2017-03-05 15:21:02 - cache/catalog/newProduct/增乳-228x228.png
2017-03-05 15:21:02 - cache/catalog/newProduct/回乳-228x228.png
2017-03-05 15:21:02 - cache/catalog/newProduct/泌乳三次套餐-228x228.png
2017-03-05 15:56:13 - no such file
2017-03-05 15:56:13 - cache/catalog/newProduct/产后开奶-228x228.png
2017-03-05 15:56:13 - cache/catalog/newProduct/通乳-228x228.png
2017-03-05 15:56:13 - cache/catalog/newProduct/增乳-228x228.png
2017-03-05 15:56:13 - cache/catalog/newProduct/回乳-228x228.png
2017-03-05 15:56:13 - cache/catalog/newProduct/泌乳三次套餐-228x228.png
2017-03-05 15:56:22 - no such file
2017-03-05 15:56:22 - cache/catalog/newProduct/产后开奶-228x228.png
2017-03-05 15:56:22 - cache/catalog/newProduct/通乳-228x228.png
2017-03-05 15:56:22 - cache/catalog/newProduct/增乳-228x228.png
2017-03-05 15:56:22 - cache/catalog/newProduct/回乳-228x228.png
2017-03-05 15:56:22 - cache/catalog/newProduct/泌乳三次套餐-228x228.png
2017-03-05 15:56:28 - no such file
2017-03-05 15:56:28 - cache/catalog/newProduct/产后开奶-228x228.png
2017-03-05 15:56:28 - cache/catalog/newProduct/通乳-228x228.png
2017-03-05 15:56:28 - cache/catalog/newProduct/增乳-228x228.png
2017-03-05 15:56:28 - cache/catalog/newProduct/回乳-228x228.png
2017-03-05 15:56:28 - cache/catalog/newProduct/泌乳三次套餐-228x228.png
2017-03-05 15:59:24 - no such file
2017-03-05 15:59:24 - cache/catalog/newProduct/产后开奶-228x228.png
2017-03-05 15:59:24 - cache/catalog/newProduct/通乳-228x228.png
2017-03-05 15:59:24 - cache/catalog/newProduct/增乳-228x228.png
2017-03-05 15:59:24 - cache/catalog/newProduct/回乳-228x228.png
2017-03-05 15:59:24 - cache/catalog/newProduct/泌乳三次套餐-228x228.png
2017-03-05 15:59:36 - no such file
2017-03-05 15:59:36 - cache/catalog/newProduct/产后开奶-228x228.png
2017-03-05 15:59:36 - cache/catalog/newProduct/通乳-228x228.png
2017-03-05 15:59:36 - cache/catalog/newProduct/增乳-228x228.png
2017-03-05 15:59:36 - cache/catalog/newProduct/回乳-228x228.png
2017-03-05 15:59:36 - cache/catalog/newProduct/泌乳三次套餐-228x228.png
2017-03-05 16:01:28 - no such file
2017-03-05 16:01:28 - cache/catalog/newProduct/产后开奶-228x228.png
2017-03-05 16:01:28 - cache/catalog/newProduct/通乳-228x228.png
2017-03-05 16:01:28 - cache/catalog/newProduct/增乳-228x228.png
2017-03-05 16:01:28 - cache/catalog/newProduct/回乳-228x228.png
2017-03-05 16:01:28 - cache/catalog/newProduct/泌乳三次套餐-228x228.png
2017-03-05 16:02:14 - no such file
2017-03-05 16:02:14 - cache/catalog/newProduct/产后开奶-228x228.png
2017-03-05 16:02:14 - cache/catalog/newProduct/通乳-228x228.png
2017-03-05 16:02:14 - cache/catalog/newProduct/增乳-228x228.png
2017-03-05 16:02:14 - cache/catalog/newProduct/回乳-228x228.png
2017-03-05 16:02:14 - cache/catalog/newProduct/泌乳三次套餐-228x228.png
2017-03-05 16:02:20 - no such file
2017-03-05 16:02:20 - cache/catalog/newProduct/产后开奶-228x228.png
2017-03-05 16:02:20 - cache/catalog/newProduct/通乳-228x228.png
2017-03-05 16:02:20 - cache/catalog/newProduct/增乳-228x228.png
2017-03-05 16:02:20 - cache/catalog/newProduct/回乳-228x228.png
2017-03-05 16:02:20 - cache/catalog/newProduct/泌乳三次套餐-228x228.png
2017-03-05 16:02:29 - no such file
2017-03-05 16:02:29 - cache/catalog/newProduct/产后开奶-228x228.png
2017-03-05 16:02:29 - cache/catalog/newProduct/通乳-228x228.png
2017-03-05 16:02:29 - cache/catalog/newProduct/增乳-228x228.png
2017-03-05 16:02:29 - cache/catalog/newProduct/回乳-228x228.png
2017-03-05 16:02:29 - cache/catalog/newProduct/泌乳三次套餐-228x228.png
2017-03-05 16:03:24 - no such file
2017-03-05 16:03:24 - cache/catalog/newProduct/产后开奶-228x228.png
2017-03-05 16:03:24 - cache/catalog/newProduct/通乳-228x228.png
2017-03-05 16:03:24 - cache/catalog/newProduct/增乳-228x228.png
2017-03-05 16:03:24 - cache/catalog/newProduct/回乳-228x228.png
2017-03-05 16:03:24 - cache/catalog/newProduct/泌乳三次套餐-228x228.png
2017-03-05 16:03:34 - no such file
2017-03-05 16:03:34 - cache/catalog/newProduct/产后开奶-228x228.png
2017-03-05 16:03:34 - cache/catalog/newProduct/通乳-228x228.png
2017-03-05 16:03:34 - cache/catalog/newProduct/增乳-228x228.png
2017-03-05 16:03:34 - cache/catalog/newProduct/回乳-228x228.png
2017-03-05 16:03:34 - cache/catalog/newProduct/泌乳三次套餐-228x228.png
2017-03-05 16:06:26 - no such file
2017-03-05 16:06:26 - cache/catalog/newProduct/产后开奶-228x228.png
2017-03-05 16:06:26 - cache/catalog/newProduct/通乳-228x228.png
2017-03-05 16:06:26 - cache/catalog/newProduct/增乳-228x228.png
2017-03-05 16:06:26 - cache/catalog/newProduct/回乳-228x228.png
2017-03-05 16:06:26 - cache/catalog/newProduct/泌乳三次套餐-228x228.png
2017-03-05 16:10:52 - no such file
2017-03-05 16:10:52 - cache/catalog/newProduct/产后开奶-228x228.png
2017-03-05 16:10:52 - cache/catalog/newProduct/通乳-228x228.png
2017-03-05 16:10:52 - cache/catalog/newProduct/增乳-228x228.png
2017-03-05 16:10:52 - cache/catalog/newProduct/回乳-228x228.png
2017-03-05 16:10:52 - cache/catalog/newProduct/泌乳三次套餐-228x228.png
2017-03-05 16:11:12 - no such file
2017-03-05 16:11:12 - cache/catalog/newProduct/产后开奶-228x228.png
2017-03-05 16:11:12 - cache/catalog/newProduct/通乳-228x228.png
2017-03-05 16:11:12 - cache/catalog/newProduct/增乳-228x228.png
2017-03-05 16:11:12 - cache/catalog/newProduct/回乳-228x228.png
2017-03-05 16:11:12 - cache/catalog/newProduct/泌乳三次套餐-228x228.png
2017-03-05 16:11:24 - no such file
2017-03-05 16:11:24 - cache/catalog/newProduct/产后开奶-228x228.png
2017-03-05 16:11:24 - cache/catalog/newProduct/通乳-228x228.png
2017-03-05 16:11:24 - cache/catalog/newProduct/增乳-228x228.png
2017-03-05 16:11:24 - cache/catalog/newProduct/回乳-228x228.png
2017-03-05 16:11:24 - cache/catalog/newProduct/泌乳三次套餐-228x228.png
2017-03-05 16:13:03 - no such file
2017-03-05 16:13:03 - cache/catalog/newProduct/产后开奶-228x228.png
2017-03-05 16:13:03 - cache/catalog/newProduct/通乳-228x228.png
2017-03-05 16:13:03 - cache/catalog/newProduct/增乳-228x228.png
2017-03-05 16:13:03 - cache/catalog/newProduct/回乳-228x228.png
2017-03-05 16:13:03 - cache/catalog/newProduct/泌乳三次套餐-228x228.png
2017-03-05 16:15:27 - no such file
2017-03-05 16:15:27 - cache/catalog/newProduct/产后开奶-228x228.png
2017-03-05 16:15:27 - cache/catalog/newProduct/通乳-228x228.png
2017-03-05 16:15:27 - cache/catalog/newProduct/增乳-228x228.png
2017-03-05 16:15:27 - cache/catalog/newProduct/回乳-228x228.png
2017-03-05 16:15:27 - cache/catalog/newProduct/泌乳三次套餐-228x228.png
2017-03-05 16:22:35 - no such file
2017-03-05 16:22:35 - cache/catalog/newProduct/产后开奶-228x228.png
2017-03-05 16:22:35 - cache/catalog/newProduct/通乳-228x228.png
2017-03-05 16:22:35 - cache/catalog/newProduct/增乳-228x228.png
2017-03-05 16:22:35 - cache/catalog/newProduct/回乳-228x228.png
2017-03-05 16:22:35 - cache/catalog/newProduct/泌乳三次套餐-228x228.png
2017-03-05 16:28:46 - no such file
2017-03-05 16:28:46 - cache/catalog/newProduct/产后开奶-228x228.png
2017-03-05 16:28:46 - cache/catalog/newProduct/通乳-228x228.png
2017-03-05 16:28:46 - cache/catalog/newProduct/增乳-228x228.png
2017-03-05 16:28:46 - cache/catalog/newProduct/回乳-228x228.png
2017-03-05 16:28:46 - cache/catalog/newProduct/泌乳三次套餐-228x228.png
2017-03-05 16:30:36 - no such file
2017-03-05 16:30:36 - cache/catalog/newProduct/产后开奶-228x228.png
2017-03-05 16:30:36 - cache/catalog/newProduct/通乳-228x228.png
2017-03-05 16:30:36 - cache/catalog/newProduct/增乳-228x228.png
2017-03-05 16:30:36 - cache/catalog/newProduct/回乳-228x228.png
2017-03-05 16:30:36 - cache/catalog/newProduct/泌乳三次套餐-228x228.png
2017-03-05 16:30:37 - no such file
2017-03-05 16:30:37 - cache/catalog/newProduct/产后开奶-228x228.png
2017-03-05 16:30:37 - cache/catalog/newProduct/通乳-228x228.png
2017-03-05 16:30:37 - cache/catalog/newProduct/增乳-228x228.png
2017-03-05 16:30:37 - cache/catalog/newProduct/回乳-228x228.png
2017-03-05 16:30:37 - cache/catalog/newProduct/泌乳三次套餐-228x228.png
2017-03-05 16:31:29 - no such file
2017-03-05 16:31:29 - cache/catalog/newProduct/产后开奶-228x228.png
2017-03-05 16:31:29 - cache/catalog/newProduct/通乳-228x228.png
2017-03-05 16:31:29 - cache/catalog/newProduct/增乳-228x228.png
2017-03-05 16:31:29 - cache/catalog/newProduct/回乳-228x228.png
2017-03-05 16:31:29 - cache/catalog/newProduct/泌乳三次套餐-228x228.png
2017-03-05 16:33:46 - no such file
2017-03-05 16:33:46 - cache/catalog/newProduct/产后开奶-228x228.png
2017-03-05 16:33:46 - cache/catalog/newProduct/通乳-228x228.png
2017-03-05 16:33:46 - cache/catalog/newProduct/增乳-228x228.png
2017-03-05 16:33:46 - cache/catalog/newProduct/回乳-228x228.png
2017-03-05 16:33:46 - cache/catalog/newProduct/泌乳三次套餐-228x228.png
2017-03-05 16:57:27 - no such file
2017-03-05 16:57:27 - cache/catalog/newProduct/产后开奶-228x228.png
2017-03-05 16:57:27 - cache/catalog/newProduct/通乳-228x228.png
2017-03-05 16:57:27 - cache/catalog/newProduct/增乳-228x228.png
2017-03-05 16:57:27 - cache/catalog/newProduct/回乳-228x228.png
2017-03-05 16:57:27 - cache/catalog/newProduct/泌乳三次套餐-228x228.png
2017-03-05 16:57:51 - no such file
2017-03-05 16:57:51 - cache/catalog/newProduct/产后开奶-228x228.png
2017-03-05 16:57:51 - cache/catalog/newProduct/通乳-228x228.png
2017-03-05 16:57:51 - cache/catalog/newProduct/增乳-228x228.png
2017-03-05 16:57:51 - cache/catalog/newProduct/回乳-228x228.png
2017-03-05 16:57:51 - cache/catalog/newProduct/泌乳三次套餐-228x228.png
2017-03-05 16:58:05 - no such file
2017-03-05 16:58:05 - cache/catalog/newProduct/产后开奶-228x228.png
2017-03-05 16:58:05 - cache/catalog/newProduct/通乳-228x228.png
2017-03-05 16:58:05 - cache/catalog/newProduct/增乳-228x228.png
2017-03-05 16:58:05 - cache/catalog/newProduct/回乳-228x228.png
2017-03-05 16:58:05 - cache/catalog/newProduct/泌乳三次套餐-228x228.png
2017-03-05 17:12:31 - no such file
2017-03-05 17:12:31 - cache/catalog/newProduct/产后开奶-228x228.png
2017-03-05 17:12:31 - cache/catalog/newProduct/通乳-228x228.png
2017-03-05 17:12:31 - cache/catalog/newProduct/增乳-228x228.png
2017-03-05 17:12:31 - cache/catalog/newProduct/回乳-228x228.png
2017-03-05 17:12:31 - cache/catalog/newProduct/泌乳三次套餐-228x228.png
2017-03-05 17:22:59 - no such file
2017-03-05 17:22:59 - cache/catalog/newProduct/产后开奶-228x228.png
2017-03-05 17:22:59 - cache/catalog/newProduct/通乳-228x228.png
2017-03-05 17:22:59 - cache/catalog/newProduct/增乳-228x228.png
2017-03-05 17:22:59 - cache/catalog/newProduct/回乳-228x228.png
2017-03-05 17:22:59 - cache/catalog/newProduct/泌乳三次套餐-228x228.png
2017-03-05 17:27:29 - cache/catalog/上线图片(1)-1140x380.jpg
2017-03-05 17:27:29 - cache/catalog/母乳图片(1)-1140x380.jpg
2017-03-05 17:27:29 - cache/catalog/营养膳食(1)-1140x380.jpg
2017-03-05 17:27:29 - cache/catalog/newProduct/产后开奶-200x200.png
2017-03-05 17:27:29 - cache/catalog/newProduct/泌乳三次套餐-200x200.png
2017-03-05 17:27:29 - cache/catalog/newProduct/555-200x200.png
2017-03-05 17:27:29 - cache/catalog/newProduct/333-200x200.png
2017-03-05 17:47:13 - no such file
2017-03-05 17:47:13 - cache/catalog/newProduct/产后开奶-228x228.png
2017-03-05 17:47:13 - cache/catalog/newProduct/通乳-228x228.png
2017-03-05 17:47:13 - cache/catalog/newProduct/增乳-228x228.png
2017-03-05 17:47:13 - cache/catalog/newProduct/回乳-228x228.png
2017-03-05 17:47:13 - cache/catalog/newProduct/泌乳三次套餐-228x228.png
2017-03-05 18:47:29 - cache/catalog/上线图片(1)-1140x380.jpg
2017-03-05 18:47:29 - cache/catalog/母乳图片(1)-1140x380.jpg
2017-03-05 18:47:29 - cache/catalog/营养膳食(1)-1140x380.jpg
2017-03-05 18:47:29 - cache/catalog/newProduct/产后开奶-200x200.png
2017-03-05 18:47:29 - cache/catalog/newProduct/泌乳三次套餐-200x200.png
2017-03-05 18:47:29 - cache/catalog/newProduct/555-200x200.png
2017-03-05 18:47:29 - cache/catalog/newProduct/333-200x200.png
2017-03-05 19:10:05 - no such file
2017-03-05 19:10:05 - cache/catalog/newProduct/产后开奶-228x228.png
2017-03-05 19:10:05 - cache/catalog/newProduct/通乳-228x228.png
2017-03-05 19:10:05 - cache/catalog/newProduct/增乳-228x228.png
2017-03-05 19:10:05 - cache/catalog/newProduct/回乳-228x228.png
2017-03-05 19:10:05 - cache/catalog/newProduct/泌乳三次套餐-228x228.png
2017-03-05 19:10:27 - no such file
2017-03-05 19:10:27 - cache/catalog/newProduct/产后开奶-228x228.png
2017-03-05 19:10:27 - cache/catalog/newProduct/通乳-228x228.png
2017-03-05 19:10:27 - cache/catalog/newProduct/增乳-228x228.png
2017-03-05 19:10:27 - cache/catalog/newProduct/回乳-228x228.png
2017-03-05 19:10:27 - cache/catalog/newProduct/泌乳三次套餐-228x228.png
2017-03-05 19:13:10 - no such file
2017-03-05 19:13:10 - cache/catalog/newProduct/产后开奶-228x228.png
2017-03-05 19:13:10 - cache/catalog/newProduct/通乳-228x228.png
2017-03-05 19:13:10 - cache/catalog/newProduct/增乳-228x228.png
2017-03-05 19:13:10 - cache/catalog/newProduct/回乳-228x228.png
2017-03-05 19:13:10 - cache/catalog/newProduct/泌乳三次套餐-228x228.png
2017-03-05 19:13:45 - no such file
2017-03-05 19:13:45 - cache/catalog/newProduct/产后开奶-228x228.png
2017-03-05 19:13:45 - cache/catalog/newProduct/通乳-228x228.png
2017-03-05 19:13:45 - cache/catalog/newProduct/增乳-228x228.png
2017-03-05 19:13:45 - cache/catalog/newProduct/回乳-228x228.png
2017-03-05 19:13:45 - cache/catalog/newProduct/泌乳三次套餐-228x228.png
2017-03-05 20:15:06 - no such file
2017-03-05 20:15:06 - cache/catalog/newProduct/产后开奶-228x228.png
2017-03-05 20:15:06 - cache/catalog/newProduct/通乳-228x228.png
2017-03-05 20:15:06 - cache/catalog/newProduct/增乳-228x228.png
2017-03-05 20:15:06 - cache/catalog/newProduct/回乳-228x228.png
2017-03-05 20:15:06 - cache/catalog/newProduct/泌乳三次套餐-228x228.png
2017-03-05 20:15:14 - no such file
2017-03-05 20:15:14 - cache/catalog/newProduct/产后开奶-228x228.png
2017-03-05 20:15:14 - cache/catalog/newProduct/通乳-228x228.png
2017-03-05 20:15:14 - cache/catalog/newProduct/增乳-228x228.png
2017-03-05 20:15:14 - cache/catalog/newProduct/回乳-228x228.png
2017-03-05 20:15:14 - cache/catalog/newProduct/泌乳三次套餐-228x228.png
2017-03-05 20:17:01 - no such file
2017-03-05 20:17:01 - cache/catalog/newProduct/产后开奶-228x228.png
2017-03-05 20:17:01 - cache/catalog/newProduct/通乳-228x228.png
2017-03-05 20:17:01 - cache/catalog/newProduct/增乳-228x228.png
2017-03-05 20:17:01 - cache/catalog/newProduct/回乳-228x228.png
2017-03-05 20:17:01 - cache/catalog/newProduct/泌乳三次套餐-228x228.png
2017-03-05 20:17:37 - no such file
2017-03-05 20:17:37 - cache/catalog/newProduct/产后开奶-228x228.png
2017-03-05 20:17:37 - cache/catalog/newProduct/通乳-228x228.png
2017-03-05 20:17:37 - cache/catalog/newProduct/增乳-228x228.png
2017-03-05 20:17:37 - cache/catalog/newProduct/回乳-228x228.png
2017-03-05 20:17:37 - cache/catalog/newProduct/泌乳三次套餐-228x228.png
2017-03-05 20:18:02 - no such file
2017-03-05 20:18:02 - cache/catalog/newProduct/产后开奶-228x228.png
2017-03-05 20:18:02 - cache/catalog/newProduct/通乳-228x228.png
2017-03-05 20:18:02 - cache/catalog/newProduct/增乳-228x228.png
2017-03-05 20:18:02 - cache/catalog/newProduct/回乳-228x228.png
2017-03-05 20:18:02 - cache/catalog/newProduct/泌乳三次套餐-228x228.png
2017-03-05 20:39:31 - no such file
2017-03-05 20:39:31 - cache/catalog/newProduct/产后开奶-228x228.png
2017-03-05 20:39:31 - cache/catalog/newProduct/通乳-228x228.png
2017-03-05 20:39:31 - cache/catalog/newProduct/增乳-228x228.png
2017-03-05 20:39:31 - cache/catalog/newProduct/回乳-228x228.png
2017-03-05 20:39:31 - cache/catalog/newProduct/泌乳三次套餐-228x228.png
2017-03-05 20:39:35 - no such file
2017-03-05 20:39:35 - cache/catalog/newProduct/产后开奶-228x228.png
2017-03-05 20:39:35 - cache/catalog/newProduct/通乳-228x228.png
2017-03-05 20:39:35 - cache/catalog/newProduct/增乳-228x228.png
2017-03-05 20:39:35 - cache/catalog/newProduct/回乳-228x228.png
2017-03-05 20:39:35 - cache/catalog/newProduct/泌乳三次套餐-228x228.png
2017-03-05 20:39:52 - no such file
2017-03-05 20:39:52 - cache/catalog/newProduct/产后开奶-228x228.png
2017-03-05 20:39:52 - cache/catalog/newProduct/通乳-228x228.png
2017-03-05 20:39:52 - cache/catalog/newProduct/增乳-228x228.png
2017-03-05 20:39:52 - cache/catalog/newProduct/回乳-228x228.png
2017-03-05 20:39:52 - cache/catalog/newProduct/泌乳三次套餐-228x228.png
2017-03-05 20:42:45 - no such file
2017-03-05 20:42:45 - cache/catalog/newProduct/产后开奶-228x228.png
2017-03-05 20:42:45 - cache/catalog/newProduct/通乳-228x228.png
2017-03-05 20:42:45 - cache/catalog/newProduct/增乳-228x228.png
2017-03-05 20:42:45 - cache/catalog/newProduct/回乳-228x228.png
2017-03-05 20:42:45 - cache/catalog/newProduct/泌乳三次套餐-228x228.png
2017-03-05 20:50:40 - no such file
2017-03-05 20:50:40 - cache/catalog/newProduct/产后开奶-228x228.png
2017-03-05 20:50:40 - cache/catalog/newProduct/通乳-228x228.png
2017-03-05 20:50:40 - cache/catalog/newProduct/增乳-228x228.png
2017-03-05 20:50:40 - cache/catalog/newProduct/回乳-228x228.png
2017-03-05 20:50:40 - cache/catalog/newProduct/泌乳三次套餐-228x228.png
2017-03-05 20:50:48 - no such file
2017-03-05 20:50:48 - cache/catalog/newProduct/产后开奶-228x228.png
2017-03-05 20:50:48 - cache/catalog/newProduct/通乳-228x228.png
2017-03-05 20:50:48 - cache/catalog/newProduct/增乳-228x228.png
2017-03-05 20:50:48 - cache/catalog/newProduct/回乳-228x228.png
2017-03-05 20:50:48 - cache/catalog/newProduct/泌乳三次套餐-228x228.png
2017-03-05 20:51:07 - no such file
2017-03-05 20:51:07 - cache/catalog/newProduct/产后开奶-228x228.png
2017-03-05 20:51:07 - cache/catalog/newProduct/通乳-228x228.png
2017-03-05 20:51:07 - cache/catalog/newProduct/增乳-228x228.png
2017-03-05 20:51:07 - cache/catalog/newProduct/回乳-228x228.png
2017-03-05 20:51:07 - cache/catalog/newProduct/泌乳三次套餐-228x228.png
2017-03-05 20:51:17 - no such file
2017-03-05 20:51:17 - cache/catalog/newProduct/产后开奶-228x228.png
2017-03-05 20:51:17 - cache/catalog/newProduct/通乳-228x228.png
2017-03-05 20:51:17 - cache/catalog/newProduct/增乳-228x228.png
2017-03-05 20:51:17 - cache/catalog/newProduct/回乳-228x228.png
2017-03-05 20:51:17 - cache/catalog/newProduct/泌乳三次套餐-228x228.png
2017-03-05 20:58:15 - no such file
2017-03-05 20:58:15 - cache/catalog/newProduct/产后开奶-228x228.png
2017-03-05 20:58:15 - cache/catalog/newProduct/通乳-228x228.png
2017-03-05 20:58:15 - cache/catalog/newProduct/增乳-228x228.png
2017-03-05 20:58:15 - cache/catalog/newProduct/回乳-228x228.png
2017-03-05 20:58:15 - cache/catalog/newProduct/泌乳三次套餐-228x228.png
2017-03-05 22:07:24 - no such file
2017-03-05 22:07:24 - cache/catalog/newProduct/产后开奶-228x228.png
2017-03-05 22:07:24 - cache/catalog/newProduct/通乳-228x228.png
2017-03-05 22:07:24 - cache/catalog/newProduct/增乳-228x228.png
2017-03-05 22:07:24 - cache/catalog/newProduct/回乳-228x228.png
2017-03-05 22:07:24 - cache/catalog/newProduct/泌乳三次套餐-228x228.png
2017-03-05 22:07:33 - no such file
2017-03-05 22:07:33 - cache/catalog/newProduct/产后开奶-228x228.png
2017-03-05 22:07:33 - cache/catalog/newProduct/通乳-228x228.png
2017-03-05 22:07:33 - cache/catalog/newProduct/增乳-228x228.png
2017-03-05 22:07:33 - cache/catalog/newProduct/回乳-228x228.png
2017-03-05 22:07:33 - cache/catalog/newProduct/泌乳三次套餐-228x228.png
2017-03-05 22:37:55 - no such file
2017-03-05 22:37:55 - cache/catalog/newProduct/产后开奶-228x228.png
2017-03-05 22:37:55 - cache/catalog/newProduct/通乳-228x228.png
2017-03-05 22:37:55 - cache/catalog/newProduct/增乳-228x228.png
2017-03-05 22:37:55 - cache/catalog/newProduct/回乳-228x228.png
2017-03-05 22:37:55 - cache/catalog/newProduct/泌乳三次套餐-228x228.png
2017-03-05 23:01:02 - no such file
2017-03-05 23:01:02 - cache/catalog/newProduct/产后开奶-228x228.png
2017-03-05 23:01:02 - cache/catalog/newProduct/通乳-228x228.png
2017-03-05 23:01:02 - cache/catalog/newProduct/增乳-228x228.png
2017-03-05 23:01:02 - cache/catalog/newProduct/回乳-228x228.png
2017-03-05 23:01:02 - cache/catalog/newProduct/泌乳三次套餐-228x228.png
2017-03-05 23:01:56 - no such file
2017-03-05 23:01:56 - cache/catalog/newProduct/产后开奶-228x228.png
2017-03-05 23:01:56 - cache/catalog/newProduct/通乳-228x228.png
2017-03-05 23:01:56 - cache/catalog/newProduct/增乳-228x228.png
2017-03-05 23:01:56 - cache/catalog/newProduct/回乳-228x228.png
2017-03-05 23:01:56 - cache/catalog/newProduct/泌乳三次套餐-228x228.png
2017-03-06 0:13:05 - no such file
2017-03-06 0:13:05 - cache/catalog/newProduct/产后开奶-228x228.png
2017-03-06 0:13:05 - cache/catalog/newProduct/通乳-228x228.png
2017-03-06 0:13:05 - cache/catalog/newProduct/增乳-228x228.png
2017-03-06 0:13:05 - cache/catalog/newProduct/回乳-228x228.png
2017-03-06 0:13:05 - cache/catalog/newProduct/泌乳三次套餐-228x228.png
2017-03-06 0:13:21 - no such file
2017-03-06 0:13:21 - cache/catalog/newProduct/产后开奶-228x228.png
2017-03-06 0:13:21 - cache/catalog/newProduct/通乳-228x228.png
2017-03-06 0:13:21 - cache/catalog/newProduct/增乳-228x228.png
2017-03-06 0:13:21 - cache/catalog/newProduct/回乳-228x228.png
2017-03-06 0:13:21 - cache/catalog/newProduct/泌乳三次套餐-228x228.png
2017-03-06 15:50:11 - no such file
2017-03-06 15:50:11 - cache/catalog/newProduct/产后开奶-228x228.png
2017-03-06 15:50:11 - cache/catalog/newProduct/通乳-228x228.png
2017-03-06 15:50:11 - cache/catalog/newProduct/增乳-228x228.png
2017-03-06 15:50:11 - cache/catalog/newProduct/回乳-228x228.png
2017-03-06 15:50:11 - cache/catalog/newProduct/泌乳三次套餐-228x228.png
2017-03-06 16:49:23 - no such file
2017-03-06 16:49:23 - cache/catalog/newProduct/产后开奶-228x228.png
2017-03-06 16:49:23 - cache/catalog/newProduct/通乳-228x228.png
2017-03-06 16:49:23 - cache/catalog/newProduct/增乳-228x228.png
2017-03-06 16:49:23 - cache/catalog/newProduct/回乳-228x228.png
2017-03-06 16:49:23 - cache/catalog/newProduct/泌乳三次套餐-228x228.png
2017-03-06 16:57:35 - no such file
2017-03-06 16:57:35 - cache/catalog/newProduct/产后开奶-228x228.png
2017-03-06 16:57:35 - cache/catalog/newProduct/通乳-228x228.png
2017-03-06 16:57:35 - cache/catalog/newProduct/增乳-228x228.png
2017-03-06 16:57:35 - cache/catalog/newProduct/回乳-228x228.png
2017-03-06 16:57:35 - cache/catalog/newProduct/泌乳三次套餐-228x228.png
2017-03-06 16:57:54 - no such file
2017-03-06 16:57:54 - cache/catalog/newProduct/产后开奶-228x228.png
2017-03-06 16:57:54 - cache/catalog/newProduct/通乳-228x228.png
2017-03-06 16:57:54 - cache/catalog/newProduct/增乳-228x228.png
2017-03-06 16:57:54 - cache/catalog/newProduct/回乳-228x228.png
2017-03-06 16:57:54 - cache/catalog/newProduct/泌乳三次套餐-228x228.png
2017-03-06 16:59:36 - no such file
2017-03-06 16:59:36 - cache/catalog/newProduct/产后开奶-228x228.png
2017-03-06 16:59:36 - cache/catalog/newProduct/通乳-228x228.png
2017-03-06 16:59:36 - cache/catalog/newProduct/增乳-228x228.png
2017-03-06 16:59:36 - cache/catalog/newProduct/回乳-228x228.png
2017-03-06 16:59:36 - cache/catalog/newProduct/泌乳三次套餐-228x228.png
2017-03-06 17:12:45 - no such file
2017-03-06 17:12:45 - cache/catalog/newProduct/产后开奶-228x228.png
2017-03-06 17:12:45 - cache/catalog/newProduct/通乳-228x228.png
2017-03-06 17:12:45 - cache/catalog/newProduct/增乳-228x228.png
2017-03-06 17:12:45 - cache/catalog/newProduct/回乳-228x228.png
2017-03-06 17:12:45 - cache/catalog/newProduct/泌乳三次套餐-228x228.png
